2022-03-31 13:53:13,338 :: INFO :: Model::Loading dataset ...
2022-03-31 14:06:54,687 :: INFO :: Model::Loading dataset ...
2022-03-31 14:06:54,690 :: INFO :: Model::Dataset loaded.
2022-03-31 14:08:35,914 :: INFO :: Model::Loading dataset ...
2022-03-31 14:08:35,916 :: INFO :: Model::Dataset loaded.
2022-03-31 14:10:41,768 :: INFO :: Model::Loading dataset ...
2022-03-31 14:10:41,769 :: INFO :: Model::Dataset loaded.
2022-03-31 14:11:37,934 :: INFO :: Model::Loading dataset ...
2022-03-31 14:11:37,936 :: INFO :: Model::Dataset loaded.
2022-03-31 14:16:40,326 :: INFO :: Model::Loading dataset ...
2022-03-31 14:16:40,328 :: INFO :: Model::Dataset loaded.
2022-03-31 14:19:37,276 :: INFO :: Model::Loading dataset ...
2022-03-31 14:19:37,277 :: INFO :: Model::Dataset loaded.
2022-03-31 14:19:37,427 :: WARNING :: `tf.nn.rnn_cell.MultiRNNCell` is deprecated. This class is equivalent as `tf.keras.layers.StackedRNNCells`, and will be replaced by that in Tensorflow 2.0.
2022-03-31 14:20:42,343 :: INFO :: Model::Loading dataset ...
2022-03-31 14:20:42,344 :: INFO :: Model::Dataset loaded.
2022-03-31 14:20:42,457 :: WARNING :: `tf.nn.rnn_cell.MultiRNNCell` is deprecated. This class is equivalent as `tf.keras.layers.StackedRNNCells`, and will be replaced by that in Tensorflow 2.0.
2022-03-31 14:20:42,477 :: WARNING :: From e:\Machine-Learning-master\tensorflow_tutorials\RNN ѧϰ\model.py:181: dynamic_rnn (from tensorflow.python.ops.rnn) is deprecated and will be removed in a future version.
Instructions for updating:
Please use `keras.layers.RNN(cell)`, which is equivalent to this API
2022-03-31 14:20:42,533 :: WARNING :: From C:\Users\Administrator\AppData\Local\Programs\Python\Python39\lib\site-packages\keras\layers\legacy_rnn\rnn_cell_impl.py:760: calling Zeros.__init__ (from tensorflow.python.ops.init_ops) with dtype is deprecated and will be removed in a future version.
Instructions for updating:
Call initializer instance with the dtype argument instead of passing it to the constructor
2022-03-31 14:21:23,421 :: INFO :: Model::Loading dataset ...
2022-03-31 14:21:23,422 :: INFO :: Model::Dataset loaded.
2022-03-31 14:21:23,538 :: WARNING :: `tf.nn.rnn_cell.MultiRNNCell` is deprecated. This class is equivalent as `tf.keras.layers.StackedRNNCells`, and will be replaced by that in Tensorflow 2.0.
2022-03-31 14:21:23,557 :: WARNING :: From e:\Machine-Learning-master\tensorflow_tutorials\RNN ѧϰ\model.py:181: dynamic_rnn (from tensorflow.python.ops.rnn) is deprecated and will be removed in a future version.
Instructions for updating:
Please use `keras.layers.RNN(cell)`, which is equivalent to this API
2022-03-31 14:21:23,604 :: WARNING :: From C:\Users\Administrator\AppData\Local\Programs\Python\Python39\lib\site-packages\keras\layers\legacy_rnn\rnn_cell_impl.py:760: calling Zeros.__init__ (from tensorflow.python.ops.init_ops) with dtype is deprecated and will be removed in a future version.
Instructions for updating:
Call initializer instance with the dtype argument instead of passing it to the constructor
2022-03-31 14:22:23,077 :: INFO :: Model::Loading dataset ...
2022-03-31 14:22:23,078 :: INFO :: Model::Dataset loaded.
2022-03-31 14:22:23,195 :: WARNING :: `tf.nn.rnn_cell.MultiRNNCell` is deprecated. This class is equivalent as `tf.keras.layers.StackedRNNCells`, and will be replaced by that in Tensorflow 2.0.
2022-03-31 14:22:23,221 :: WARNING :: From e:\Machine-Learning-master\tensorflow_tutorials\RNN ѧϰ\model.py:181: dynamic_rnn (from tensorflow.python.ops.rnn) is deprecated and will be removed in a future version.
Instructions for updating:
Please use `keras.layers.RNN(cell)`, which is equivalent to this API
2022-03-31 14:22:23,273 :: WARNING :: From C:\Users\Administrator\AppData\Local\Programs\Python\Python39\lib\site-packages\keras\layers\legacy_rnn\rnn_cell_impl.py:760: calling Zeros.__init__ (from tensorflow.python.ops.init_ops) with dtype is deprecated and will be removed in a future version.
Instructions for updating:
Call initializer instance with the dtype argument instead of passing it to the constructor
2022-03-31 14:24:39,537 :: INFO :: Model::Loading dataset ...
2022-03-31 14:24:39,538 :: INFO :: Model::Dataset loaded.
2022-03-31 14:24:39,654 :: WARNING :: `tf.nn.rnn_cell.MultiRNNCell` is deprecated. This class is equivalent as `tf.keras.layers.StackedRNNCells`, and will be replaced by that in Tensorflow 2.0.
2022-03-31 14:24:39,673 :: WARNING :: From e:\Machine-Learning-master\tensorflow_tutorials\RNN ѧϰ\model.py:181: dynamic_rnn (from tensorflow.python.ops.rnn) is deprecated and will be removed in a future version.
Instructions for updating:
Please use `keras.layers.RNN(cell)`, which is equivalent to this API
2022-03-31 14:24:39,721 :: WARNING :: From C:\Users\Administrator\AppData\Local\Programs\Python\Python39\lib\site-packages\keras\layers\legacy_rnn\rnn_cell_impl.py:760: calling Zeros.__init__ (from tensorflow.python.ops.init_ops) with dtype is deprecated and will be removed in a future version.
Instructions for updating:
Call initializer instance with the dtype argument instead of passing it to the constructor
2022-03-31 14:25:00,718 :: INFO :: Model::Loading dataset ...
2022-03-31 14:25:00,719 :: INFO :: Model::Dataset loaded.
2022-03-31 14:25:00,833 :: WARNING :: `tf.nn.rnn_cell.MultiRNNCell` is deprecated. This class is equivalent as `tf.keras.layers.StackedRNNCells`, and will be replaced by that in Tensorflow 2.0.
2022-03-31 14:25:00,853 :: WARNING :: From e:\Machine-Learning-master\tensorflow_tutorials\RNN ѧϰ\model.py:181: dynamic_rnn (from tensorflow.python.ops.rnn) is deprecated and will be removed in a future version.
Instructions for updating:
Please use `keras.layers.RNN(cell)`, which is equivalent to this API
2022-03-31 14:25:00,903 :: WARNING :: From C:\Users\Administrator\AppData\Local\Programs\Python\Python39\lib\site-packages\keras\layers\legacy_rnn\rnn_cell_impl.py:760: calling Zeros.__init__ (from tensorflow.python.ops.init_ops) with dtype is deprecated and will be removed in a future version.
Instructions for updating:
Call initializer instance with the dtype argument instead of passing it to the constructor
2022-03-31 14:25:26,894 :: INFO :: Model::Loading dataset ...
2022-03-31 14:25:26,895 :: INFO :: Model::Dataset loaded.
2022-03-31 14:25:27,009 :: WARNING :: `tf.nn.rnn_cell.MultiRNNCell` is deprecated. This class is equivalent as `tf.keras.layers.StackedRNNCells`, and will be replaced by that in Tensorflow 2.0.
2022-03-31 14:25:27,028 :: WARNING :: From e:\Machine-Learning-master\tensorflow_tutorials\RNN ѧϰ\model.py:181: dynamic_rnn (from tensorflow.python.ops.rnn) is deprecated and will be removed in a future version.
Instructions for updating:
Please use `keras.layers.RNN(cell)`, which is equivalent to this API
2022-03-31 14:25:27,076 :: WARNING :: From C:\Users\Administrator\AppData\Local\Programs\Python\Python39\lib\site-packages\keras\layers\legacy_rnn\rnn_cell_impl.py:760: calling Zeros.__init__ (from tensorflow.python.ops.init_ops) with dtype is deprecated and will be removed in a future version.
Instructions for updating:
Call initializer instance with the dtype argument instead of passing it to the constructor
2022-03-31 14:25:44,996 :: INFO :: Model::Loading dataset ...
2022-03-31 14:25:44,997 :: INFO :: Model::Dataset loaded.
2022-03-31 14:25:45,109 :: WARNING :: `tf.nn.rnn_cell.MultiRNNCell` is deprecated. This class is equivalent as `tf.keras.layers.StackedRNNCells`, and will be replaced by that in Tensorflow 2.0.
2022-03-31 14:25:45,128 :: WARNING :: From e:\Machine-Learning-master\tensorflow_tutorials\RNN ѧϰ\model.py:181: dynamic_rnn (from tensorflow.python.ops.rnn) is deprecated and will be removed in a future version.
Instructions for updating:
Please use `keras.layers.RNN(cell)`, which is equivalent to this API
2022-03-31 14:25:45,178 :: WARNING :: From C:\Users\Administrator\AppData\Local\Programs\Python\Python39\lib\site-packages\keras\layers\legacy_rnn\rnn_cell_impl.py:760: calling Zeros.__init__ (from tensorflow.python.ops.init_ops) with dtype is deprecated and will be removed in a future version.
Instructions for updating:
Call initializer instance with the dtype argument instead of passing it to the constructor
2022-03-31 14:26:00,792 :: INFO :: Model::Loading dataset ...
2022-03-31 14:26:00,793 :: INFO :: Model::Dataset loaded.
2022-03-31 14:26:00,911 :: WARNING :: `tf.nn.rnn_cell.MultiRNNCell` is deprecated. This class is equivalent as `tf.keras.layers.StackedRNNCells`, and will be replaced by that in Tensorflow 2.0.
2022-03-31 14:26:00,932 :: WARNING :: From e:\Machine-Learning-master\tensorflow_tutorials\RNN ѧϰ\model.py:181: dynamic_rnn (from tensorflow.python.ops.rnn) is deprecated and will be removed in a future version.
Instructions for updating:
Please use `keras.layers.RNN(cell)`, which is equivalent to this API
2022-03-31 14:26:00,986 :: WARNING :: From C:\Users\Administrator\AppData\Local\Programs\Python\Python39\lib\site-packages\keras\layers\legacy_rnn\rnn_cell_impl.py:760: calling Zeros.__init__ (from tensorflow.python.ops.init_ops) with dtype is deprecated and will be removed in a future version.
Instructions for updating:
Call initializer instance with the dtype argument instead of passing it to the constructor
2022-03-31 14:26:25,067 :: INFO :: Model::Loading dataset ...
2022-03-31 14:26:25,068 :: INFO :: Model::Dataset loaded.
2022-03-31 14:26:25,221 :: WARNING :: `tf.nn.rnn_cell.MultiRNNCell` is deprecated. This class is equivalent as `tf.keras.layers.StackedRNNCells`, and will be replaced by that in Tensorflow 2.0.
2022-03-31 14:26:25,242 :: WARNING :: From e:\Machine-Learning-master\tensorflow_tutorials\RNN ѧϰ\model.py:181: dynamic_rnn (from tensorflow.python.ops.rnn) is deprecated and will be removed in a future version.
Instructions for updating:
Please use `keras.layers.RNN(cell)`, which is equivalent to this API
2022-03-31 14:26:25,293 :: WARNING :: From C:\Users\Administrator\AppData\Local\Programs\Python\Python39\lib\site-packages\keras\layers\legacy_rnn\rnn_cell_impl.py:760: calling Zeros.__init__ (from tensorflow.python.ops.init_ops) with dtype is deprecated and will be removed in a future version.
Instructions for updating:
Call initializer instance with the dtype argument instead of passing it to the constructor
2022-03-31 14:26:26,507 :: INFO :: Train::Init batches...
2022-03-31 14:26:26,509 :: INFO :: Train::Batches are ready.
2022-03-31 14:26:26,531 :: INFO :: Train::Save model...
2022-03-31 14:26:27,255 :: INFO :: Train::Save model...
2022-03-31 14:26:28,055 :: INFO :: Train::Save model...
2022-03-31 14:26:28,723 :: INFO :: Train::Save model...
2022-03-31 14:26:29,478 :: INFO :: Train::Save model...
2022-03-31 14:26:30,122 :: INFO :: Train::Save model...
2022-03-31 14:26:30,698 :: WARNING :: From C:\Users\Administrator\AppData\Local\Programs\Python\Python39\lib\site-packages\tensorflow\python\training\saver.py:1052: remove_checkpoint (from tensorflow.python.training.checkpoint_management) is deprecated and will be removed in a future version.
Instructions for updating:
Use standard file APIs to delete files with this prefix.
2022-03-31 14:26:30,819 :: INFO :: Train::Save model...
2022-03-31 14:26:31,433 :: INFO :: Train::Save model...
2022-03-31 14:26:32,064 :: INFO :: Train::Save model...
2022-03-31 14:26:32,718 :: INFO :: Train::Save model...
2022-03-31 14:26:33,386 :: INFO :: Train::Save model...
2022-03-31 14:26:34,020 :: INFO :: Train::Save model...
2022-03-31 14:26:34,618 :: INFO :: Train::Save model...
2022-03-31 14:26:35,237 :: INFO :: Train::Save model...
2022-03-31 14:26:35,878 :: INFO :: Train::Save model...
2022-03-31 14:26:36,496 :: INFO :: Train::Save model...
2022-03-31 14:26:37,095 :: INFO :: Train::Save model...
2022-03-31 14:26:37,862 :: INFO :: Train::Save model...
2022-03-31 14:26:38,594 :: INFO :: Train::Save model...
2022-03-31 14:26:39,297 :: INFO :: Train::Save model...
2022-03-31 14:26:39,904 :: INFO :: Train::Save model...
2022-03-31 14:26:40,616 :: INFO :: Train::Save model...
2022-03-31 14:26:41,275 :: INFO :: Train::Save model...
2022-03-31 14:26:41,935 :: INFO :: Train::Save model...
2022-03-31 14:26:42,561 :: INFO :: Train::Save model...
2022-03-31 14:26:43,225 :: INFO :: Train::Save model...
2022-03-31 14:26:43,946 :: INFO :: Train::Save model...
2022-03-31 14:26:44,623 :: INFO :: Train::Save model...
2022-03-31 14:26:45,273 :: INFO :: Train::Save model...
2022-03-31 14:26:45,970 :: INFO :: Train::Save model...
2022-03-31 14:26:46,638 :: INFO :: Train::Save model...
2022-03-31 14:26:47,338 :: INFO :: Train::Save model...
2022-03-31 14:26:47,954 :: INFO :: Train::Save model...
2022-03-31 14:26:48,621 :: INFO :: Train::Save model...
2022-03-31 14:26:49,251 :: INFO :: Train::Save model...
2022-03-31 14:26:49,963 :: INFO :: Train::Save model...
2022-03-31 14:26:50,585 :: INFO :: Train::Save model...
2022-03-31 14:26:51,238 :: INFO :: Train::Save model...
2022-03-31 14:26:51,875 :: INFO :: Train::Save model...
2022-03-31 14:26:52,559 :: INFO :: Train::Save model...
2022-03-31 14:26:53,179 :: INFO :: Train::Save model...
2022-03-31 14:26:53,886 :: INFO :: Train::Save model...
2022-03-31 14:26:54,551 :: INFO :: Train::Save model...
2022-03-31 14:26:55,205 :: INFO :: Train::Save model...
2022-03-31 14:26:55,818 :: INFO :: Train::Save model...
2022-03-31 14:26:56,434 :: INFO :: Train::Save model...
2022-03-31 14:26:57,129 :: INFO :: Train::Save model...
2022-03-31 14:26:58,176 :: INFO :: Train::Save model...
2022-03-31 14:26:58,810 :: INFO :: Train::Save model...
2022-03-31 14:26:59,438 :: INFO :: Train::Save model...
2022-03-31 14:27:00,102 :: INFO :: Train::Save model...
2022-03-31 14:27:00,870 :: INFO :: Train::Save model...
2022-03-31 14:27:01,492 :: INFO :: Train::Save model...
2022-03-31 14:27:02,172 :: INFO :: Train::Save model...
2022-03-31 14:27:02,826 :: INFO :: Train::Save model...
2022-03-31 14:27:03,514 :: INFO :: Train::Save model...
2022-03-31 14:27:04,145 :: INFO :: Train::Save model...
2022-03-31 14:27:24,639 :: INFO :: Model::Loading dataset ...
2022-03-31 14:27:24,640 :: INFO :: Model::Dataset loaded.
2022-03-31 14:27:24,753 :: WARNING :: `tf.nn.rnn_cell.MultiRNNCell` is deprecated. This class is equivalent as `tf.keras.layers.StackedRNNCells`, and will be replaced by that in Tensorflow 2.0.
2022-03-31 14:27:24,781 :: WARNING :: From e:\Machine-Learning-master\tensorflow_tutorials\RNN ѧϰ\model.py:181: dynamic_rnn (from tensorflow.python.ops.rnn) is deprecated and will be removed in a future version.
Instructions for updating:
Please use `keras.layers.RNN(cell)`, which is equivalent to this API
2022-03-31 14:27:24,840 :: WARNING :: From C:\Users\Administrator\AppData\Local\Programs\Python\Python39\lib\site-packages\keras\layers\legacy_rnn\rnn_cell_impl.py:760: calling Zeros.__init__ (from tensorflow.python.ops.init_ops) with dtype is deprecated and will be removed in a future version.
Instructions for updating:
Call initializer instance with the dtype argument instead of passing it to the constructor
2022-03-31 14:27:26,098 :: INFO :: Train::Init batches...
2022-03-31 14:27:26,099 :: INFO :: Train::Batches are ready.
2022-03-31 14:27:26,119 :: INFO :: Train::Save model...
2022-03-31 14:27:26,811 :: INFO :: Train::Save model...
2022-03-31 14:27:27,405 :: INFO :: Train::Save model...
2022-03-31 14:27:28,008 :: INFO :: Train::Save model...
2022-03-31 14:27:28,615 :: INFO :: Train::Save model...
2022-03-31 14:27:29,296 :: INFO :: Train::Save model...
2022-03-31 14:27:29,805 :: WARNING :: From C:\Users\Administrator\AppData\Local\Programs\Python\Python39\lib\site-packages\tensorflow\python\training\saver.py:1052: remove_checkpoint (from tensorflow.python.training.checkpoint_management) is deprecated and will be removed in a future version.
Instructions for updating:
Use standard file APIs to delete files with this prefix.
2022-03-31 14:27:29,946 :: INFO :: Train::Save model...
2022-03-31 14:27:30,576 :: INFO :: Train::Save model...
2022-03-31 14:27:31,169 :: INFO :: Train::Save model...
2022-03-31 14:27:31,849 :: INFO :: Train::Save model...
2022-03-31 14:41:18,796 :: INFO :: Model::Loading dataset ...
2022-03-31 14:41:18,798 :: INFO :: Model::Dataset loaded.
2022-03-31 14:41:18,922 :: WARNING :: `tf.nn.rnn_cell.MultiRNNCell` is deprecated. This class is equivalent as `tf.keras.layers.StackedRNNCells`, and will be replaced by that in Tensorflow 2.0.
2022-03-31 14:41:18,949 :: WARNING :: From e:\Machine-Learning-master\tensorflow_tutorials\RNN ѧϰ\model.py:181: dynamic_rnn (from tensorflow.python.ops.rnn) is deprecated and will be removed in a future version.
Instructions for updating:
Please use `keras.layers.RNN(cell)`, which is equivalent to this API
2022-03-31 14:41:19,029 :: WARNING :: From C:\Users\Administrator\AppData\Local\Programs\Python\Python39\lib\site-packages\keras\layers\legacy_rnn\rnn_cell_impl.py:760: calling Zeros.__init__ (from tensorflow.python.ops.init_ops) with dtype is deprecated and will be removed in a future version.
Instructions for updating:
Call initializer instance with the dtype argument instead of passing it to the constructor
2022-03-31 14:41:20,162 :: INFO :: Restoring parameters from ./checkpoints/checkpoint
2022-03-31 14:43:57,837 :: INFO :: Model::Loading dataset ...
2022-03-31 14:43:57,856 :: INFO :: Model::Dataset loaded.
2022-03-31 14:43:57,971 :: WARNING :: `tf.nn.rnn_cell.MultiRNNCell` is deprecated. This class is equivalent as `tf.keras.layers.StackedRNNCells`, and will be replaced by that in Tensorflow 2.0.
2022-03-31 14:43:57,991 :: WARNING :: From e:\Machine-Learning-master\tensorflow_tutorials\RNN ѧϰ\model.py:181: dynamic_rnn (from tensorflow.python.ops.rnn) is deprecated and will be removed in a future version.
Instructions for updating:
Please use `keras.layers.RNN(cell)`, which is equivalent to this API
2022-03-31 14:43:58,044 :: WARNING :: From C:\Users\Administrator\AppData\Local\Programs\Python\Python39\lib\site-packages\keras\layers\legacy_rnn\rnn_cell_impl.py:760: calling Zeros.__init__ (from tensorflow.python.ops.init_ops) with dtype is deprecated and will be removed in a future version.
Instructions for updating:
Call initializer instance with the dtype argument instead of passing it to the constructor
2022-03-31 14:43:59,366 :: INFO :: Train::Init batches...
2022-03-31 14:43:59,367 :: INFO :: Train::Batches are ready.
2022-03-31 14:43:59,391 :: INFO :: Train::Save model...
2022-03-31 14:44:00,049 :: INFO :: Train::Save model...
2022-03-31 14:44:00,702 :: INFO :: Train::Save model...
2022-03-31 14:44:01,346 :: INFO :: Train::Save model...
2022-03-31 14:44:02,232 :: INFO :: Train::Save model...
2022-03-31 14:44:02,917 :: INFO :: Train::Save model...
2022-03-31 14:44:03,443 :: WARNING :: From C:\Users\Administrator\AppData\Local\Programs\Python\Python39\lib\site-packages\tensorflow\python\training\saver.py:1052: remove_checkpoint (from tensorflow.python.training.checkpoint_management) is deprecated and will be removed in a future version.
Instructions for updating:
Use standard file APIs to delete files with this prefix.
2022-03-31 14:44:03,580 :: INFO :: Train::Save model...
2022-03-31 14:44:04,305 :: INFO :: Train::Save model...
2022-03-31 14:44:05,005 :: INFO :: Train::Save model...
2022-03-31 14:44:05,709 :: INFO :: Train::Save model...
2022-03-31 14:44:20,421 :: INFO :: Model::Loading dataset ...
2022-03-31 14:44:20,422 :: INFO :: Model::Dataset loaded.
2022-03-31 14:44:20,545 :: WARNING :: `tf.nn.rnn_cell.MultiRNNCell` is deprecated. This class is equivalent as `tf.keras.layers.StackedRNNCells`, and will be replaced by that in Tensorflow 2.0.
2022-03-31 14:44:20,568 :: WARNING :: From e:\Machine-Learning-master\tensorflow_tutorials\RNN ѧϰ\model.py:181: dynamic_rnn (from tensorflow.python.ops.rnn) is deprecated and will be removed in a future version.
Instructions for updating:
Please use `keras.layers.RNN(cell)`, which is equivalent to this API
2022-03-31 14:44:20,627 :: WARNING :: From C:\Users\Administrator\AppData\Local\Programs\Python\Python39\lib\site-packages\keras\layers\legacy_rnn\rnn_cell_impl.py:760: calling Zeros.__init__ (from tensorflow.python.ops.init_ops) with dtype is deprecated and will be removed in a future version.
Instructions for updating:
Call initializer instance with the dtype argument instead of passing it to the constructor
2022-03-31 14:44:21,860 :: INFO :: Restoring parameters from ./checkpoints/checkpoint
2022-03-31 14:46:17,056 :: INFO :: Model::Loading dataset ...
2022-03-31 14:46:17,057 :: INFO :: Model::Dataset loaded.
2022-03-31 14:46:17,171 :: WARNING :: `tf.nn.rnn_cell.MultiRNNCell` is deprecated. This class is equivalent as `tf.keras.layers.StackedRNNCells`, and will be replaced by that in Tensorflow 2.0.
2022-03-31 14:46:17,197 :: WARNING :: From e:\Machine-Learning-master\tensorflow_tutorials\RNN ѧϰ\model.py:181: dynamic_rnn (from tensorflow.python.ops.rnn) is deprecated and will be removed in a future version.
Instructions for updating:
Please use `keras.layers.RNN(cell)`, which is equivalent to this API
2022-03-31 14:46:17,249 :: WARNING :: From C:\Users\Administrator\AppData\Local\Programs\Python\Python39\lib\site-packages\keras\layers\legacy_rnn\rnn_cell_impl.py:760: calling Zeros.__init__ (from tensorflow.python.ops.init_ops) with dtype is deprecated and will be removed in a future version.
Instructions for updating:
Call initializer instance with the dtype argument instead of passing it to the constructor
2022-03-31 14:46:18,312 :: INFO :: Restoring parameters from ./checkpoints
2022-03-31 14:47:29,064 :: INFO :: Model::Loading dataset ...
2022-03-31 14:47:29,065 :: INFO :: Model::Dataset loaded.
2022-03-31 14:47:29,181 :: WARNING :: `tf.nn.rnn_cell.MultiRNNCell` is deprecated. This class is equivalent as `tf.keras.layers.StackedRNNCells`, and will be replaced by that in Tensorflow 2.0.
2022-03-31 14:47:29,199 :: WARNING :: From e:\Machine-Learning-master\tensorflow_tutorials\RNN ѧϰ\model.py:181: dynamic_rnn (from tensorflow.python.ops.rnn) is deprecated and will be removed in a future version.
Instructions for updating:
Please use `keras.layers.RNN(cell)`, which is equivalent to this API
2022-03-31 14:47:29,246 :: WARNING :: From C:\Users\Administrator\AppData\Local\Programs\Python\Python39\lib\site-packages\keras\layers\legacy_rnn\rnn_cell_impl.py:760: calling Zeros.__init__ (from tensorflow.python.ops.init_ops) with dtype is deprecated and will be removed in a future version.
Instructions for updating:
Call initializer instance with the dtype argument instead of passing it to the constructor
2022-03-31 14:47:30,612 :: INFO :: Restoring parameters from ./checkpoints/checkpoint
2022-03-31 14:48:31,606 :: INFO :: Model::Loading dataset ...
2022-03-31 14:48:31,606 :: INFO :: Model::Dataset loaded.
2022-03-31 14:48:31,720 :: WARNING :: `tf.nn.rnn_cell.MultiRNNCell` is deprecated. This class is equivalent as `tf.keras.layers.StackedRNNCells`, and will be replaced by that in Tensorflow 2.0.
2022-03-31 14:48:31,743 :: WARNING :: From e:\Machine-Learning-master\tensorflow_tutorials\RNN ѧϰ\model.py:181: dynamic_rnn (from tensorflow.python.ops.rnn) is deprecated and will be removed in a future version.
Instructions for updating:
Please use `keras.layers.RNN(cell)`, which is equivalent to this API
2022-03-31 14:48:31,800 :: WARNING :: From C:\Users\Administrator\AppData\Local\Programs\Python\Python39\lib\site-packages\keras\layers\legacy_rnn\rnn_cell_impl.py:760: calling Zeros.__init__ (from tensorflow.python.ops.init_ops) with dtype is deprecated and will be removed in a future version.
Instructions for updating:
Call initializer instance with the dtype argument instead of passing it to the constructor
2022-03-31 14:48:58,768 :: INFO :: Model::Loading dataset ...
2022-03-31 14:48:58,769 :: INFO :: Model::Dataset loaded.
2022-03-31 14:48:58,887 :: WARNING :: `tf.nn.rnn_cell.MultiRNNCell` is deprecated. This class is equivalent as `tf.keras.layers.StackedRNNCells`, and will be replaced by that in Tensorflow 2.0.
2022-03-31 14:48:58,906 :: WARNING :: From e:\Machine-Learning-master\tensorflow_tutorials\RNN ѧϰ\model.py:181: dynamic_rnn (from tensorflow.python.ops.rnn) is deprecated and will be removed in a future version.
Instructions for updating:
Please use `keras.layers.RNN(cell)`, which is equivalent to this API
2022-03-31 14:48:58,953 :: WARNING :: From C:\Users\Administrator\AppData\Local\Programs\Python\Python39\lib\site-packages\keras\layers\legacy_rnn\rnn_cell_impl.py:760: calling Zeros.__init__ (from tensorflow.python.ops.init_ops) with dtype is deprecated and will be removed in a future version.
Instructions for updating:
Call initializer instance with the dtype argument instead of passing it to the constructor
2022-03-31 14:49:28,945 :: INFO :: Model::Loading dataset ...
2022-03-31 14:49:28,946 :: INFO :: Model::Dataset loaded.
2022-03-31 14:49:29,062 :: WARNING :: `tf.nn.rnn_cell.MultiRNNCell` is deprecated. This class is equivalent as `tf.keras.layers.StackedRNNCells`, and will be replaced by that in Tensorflow 2.0.
2022-03-31 14:49:29,085 :: WARNING :: From e:\Machine-Learning-master\tensorflow_tutorials\RNN ѧϰ\model.py:181: dynamic_rnn (from tensorflow.python.ops.rnn) is deprecated and will be removed in a future version.
Instructions for updating:
Please use `keras.layers.RNN(cell)`, which is equivalent to this API
2022-03-31 14:49:29,132 :: WARNING :: From C:\Users\Administrator\AppData\Local\Programs\Python\Python39\lib\site-packages\keras\layers\legacy_rnn\rnn_cell_impl.py:760: calling Zeros.__init__ (from tensorflow.python.ops.init_ops) with dtype is deprecated and will be removed in a future version.
Instructions for updating:
Call initializer instance with the dtype argument instead of passing it to the constructor
2022-03-31 14:51:12,957 :: INFO :: Model::Loading dataset ...
2022-03-31 14:51:12,958 :: INFO :: Model::Dataset loaded.
2022-03-31 14:51:13,109 :: WARNING :: `tf.nn.rnn_cell.MultiRNNCell` is deprecated. This class is equivalent as `tf.keras.layers.StackedRNNCells`, and will be replaced by that in Tensorflow 2.0.
2022-03-31 14:51:13,152 :: WARNING :: From e:\Machine-Learning-master\tensorflow_tutorials\RNN ѧϰ\model.py:181: dynamic_rnn (from tensorflow.python.ops.rnn) is deprecated and will be removed in a future version.
Instructions for updating:
Please use `keras.layers.RNN(cell)`, which is equivalent to this API
2022-03-31 14:51:13,225 :: WARNING :: From C:\Users\Administrator\AppData\Local\Programs\Python\Python39\lib\site-packages\keras\layers\legacy_rnn\rnn_cell_impl.py:760: calling Zeros.__init__ (from tensorflow.python.ops.init_ops) with dtype is deprecated and will be removed in a future version.
Instructions for updating:
Call initializer instance with the dtype argument instead of passing it to the constructor
2022-03-31 14:51:14,684 :: INFO :: Restoring parameters from ./checkpoints/checkpoint
2022-03-31 14:53:29,622 :: INFO :: Model::Loading dataset ...
2022-03-31 14:53:29,623 :: INFO :: Model::Dataset loaded.
2022-03-31 14:53:29,744 :: WARNING :: `tf.nn.rnn_cell.MultiRNNCell` is deprecated. This class is equivalent as `tf.keras.layers.StackedRNNCells`, and will be replaced by that in Tensorflow 2.0.
2022-03-31 14:53:29,763 :: WARNING :: From e:\Machine-Learning-master\tensorflow_tutorials\RNN ѧϰ\model.py:181: dynamic_rnn (from tensorflow.python.ops.rnn) is deprecated and will be removed in a future version.
Instructions for updating:
Please use `keras.layers.RNN(cell)`, which is equivalent to this API
2022-03-31 14:53:29,813 :: WARNING :: From C:\Users\Administrator\AppData\Local\Programs\Python\Python39\lib\site-packages\keras\layers\legacy_rnn\rnn_cell_impl.py:760: calling Zeros.__init__ (from tensorflow.python.ops.init_ops) with dtype is deprecated and will be removed in a future version.
Instructions for updating:
Call initializer instance with the dtype argument instead of passing it to the constructor
2022-03-31 14:53:30,929 :: INFO :: Restoring parameters from ./checkpoints/dump_model_10.ckpt.data-00000-of-00001
